      1024,	   8,	     0.023 GigaMultsPerSecond
      1024,	  32,	     0.023 GigaMultsPerSecond
      1024,	 128,	     0.023 GigaMultsPerSecond
      1024,	 256,	     0.024 GigaMultsPerSecond
      1024,	 512,	     0.023 GigaMultsPerSecond
      1024,	1024,	     0.021 GigaMultsPerSecond
      4096,	   8,	     0.094 GigaMultsPerSecond
      4096,	  32,	     0.096 GigaMultsPerSecond
      4096,	 128,	     0.094 GigaMultsPerSecond
      4096,	 256,	     0.092 GigaMultsPerSecond
      4096,	 512,	     0.094 GigaMultsPerSecond
      4096,	1024,	     0.095 GigaMultsPerSecond
      8192,	   8,	     0.189 GigaMultsPerSecond
      8192,	  32,	     0.190 GigaMultsPerSecond
      8192,	 128,	     0.192 GigaMultsPerSecond
      8192,	 256,	     0.187 GigaMultsPerSecond
      8192,	 512,	     0.189 GigaMultsPerSecond
      8192,	1024,	     0.182 GigaMultsPerSecond
     32768,	   8,	     0.666 GigaMultsPerSecond
     32768,	  32,	     0.739 GigaMultsPerSecond
     32768,	 128,	     0.662 GigaMultsPerSecond
     32768,	 256,	     0.689 GigaMultsPerSecond
     32768,	 512,	     0.745 GigaMultsPerSecond
     32768,	1024,	     0.708 GigaMultsPerSecond
    131072,	   8,	     1.831 GigaMultsPerSecond
    131072,	  32,	     2.602 GigaMultsPerSecond
    131072,	 128,	     2.867 GigaMultsPerSecond
    131072,	 256,	     2.949 GigaMultsPerSecond
    131072,	 512,	     2.875 GigaMultsPerSecond
    131072,	1024,	     2.908 GigaMultsPerSecond
    524288,	   8,	     1.550 GigaMultsPerSecond
    524288,	  32,	     2.054 GigaMultsPerSecond
    524288,	 128,	     2.205 GigaMultsPerSecond
    524288,	 256,	     2.154 GigaMultsPerSecond
    524288,	 512,	     2.275 GigaMultsPerSecond
    524288,	1024,	     2.226 GigaMultsPerSecond
   1048576,	   8,	     2.324 GigaMultsPerSecond
   1048576,	  32,	     3.632 GigaMultsPerSecond
   1048576,	 128,	     2.268 GigaMultsPerSecond
   1048576,	 256,	     4.181 GigaMultsPerSecond
   1048576,	 512,	     4.216 GigaMultsPerSecond
   1048576,	1024,	     4.229 GigaMultsPerSecond
   2097152,	   8,	     0.340 GigaMultsPerSecond
   2097152,	  32,	     5.841 GigaMultsPerSecond
   2097152,	 128,	     7.788 GigaMultsPerSecond
   2097152,	 256,	     7.558 GigaMultsPerSecond
   2097152,	 512,	     7.464 GigaMultsPerSecond
   2097152,	1024,	     7.816 GigaMultsPerSecond
   4194304,	   8,	     3.692 GigaMultsPerSecond
   4194304,	  32,	     8.660 GigaMultsPerSecond
   4194304,	 128,	    12.695 GigaMultsPerSecond
   4194304,	 256,	    11.957 GigaMultsPerSecond
   4194304,	 512,	    12.156 GigaMultsPerSecond
   4194304,	1024,	    12.067 GigaMultsPerSecond
   8388608,	   8,	     4.083 GigaMultsPerSecond
   8388608,	  32,	    10.498 GigaMultsPerSecond
   8388608,	 128,	    18.677 GigaMultsPerSecond
   8388608,	 256,	    18.495 GigaMultsPerSecond
   8388608,	 512,	    17.329 GigaMultsPerSecond
   8388608,	1024,	    18.722 GigaMultsPerSecond
  16777216,	   8,	     4.349 GigaMultsPerSecond
  16777216,	  32,	    13.466 GigaMultsPerSecond
  16777216,	 128,	    27.872 GigaMultsPerSecond
  16777216,	 256,	    23.521 GigaMultsPerSecond
  16777216,	 512,	    25.903 GigaMultsPerSecond
  16777216,	1024,	    21.309 GigaMultsPerSecond
      1024,	   8,	     0.019 GigaMultsPerSecond
      1024,	  32,	     0.023 GigaMultsPerSecond
      1024,	 128,	     0.023 GigaMultsPerSecond
      1024,	 256,	     0.022 GigaMultsPerSecond
      1024,	 512,	     0.023 GigaMultsPerSecond
      1024,	1024,	     0.023 GigaMultsPerSecond
      4096,	   8,	     0.079 GigaMultsPerSecond
      4096,	  32,	     0.091 GigaMultsPerSecond
      4096,	 128,	     0.093 GigaMultsPerSecond
      4096,	 256,	     0.089 GigaMultsPerSecond
      4096,	 512,	     0.088 GigaMultsPerSecond
      4096,	1024,	     0.091 GigaMultsPerSecond
      8192,	   8,	     0.156 GigaMultsPerSecond
      8192,	  32,	     0.172 GigaMultsPerSecond
      8192,	 128,	     0.180 GigaMultsPerSecond
      8192,	 256,	     0.183 GigaMultsPerSecond
      8192,	 512,	     0.179 GigaMultsPerSecond
      8192,	1024,	     0.175 GigaMultsPerSecond
     32768,	   8,	     0.656 GigaMultsPerSecond
     32768,	  32,	     0.711 GigaMultsPerSecond
     32768,	 128,	     0.724 GigaMultsPerSecond
     32768,	 256,	     0.738 GigaMultsPerSecond
     32768,	 512,	     0.731 GigaMultsPerSecond
     32768,	1024,	     0.701 GigaMultsPerSecond
    131072,	   8,	     1.862 GigaMultsPerSecond
    131072,	  32,	     2.592 GigaMultsPerSecond
    131072,	 128,	     2.891 GigaMultsPerSecond
    131072,	 256,	     2.867 GigaMultsPerSecond
    131072,	 512,	     2.910 GigaMultsPerSecond
    131072,	1024,	     2.909 GigaMultsPerSecond
    524288,	   8,	     1.552 GigaMultsPerSecond
    524288,	  32,	     1.993 GigaMultsPerSecond
    524288,	 128,	     2.226 GigaMultsPerSecond
    524288,	 256,	     2.157 GigaMultsPerSecond
    524288,	 512,	     2.174 GigaMultsPerSecond
    524288,	1024,	     2.133 GigaMultsPerSecond
   1048576,	   8,	     2.366 GigaMultsPerSecond
   1048576,	  32,	     3.640 GigaMultsPerSecond
   1048576,	 128,	     4.026 GigaMultsPerSecond
   1048576,	 256,	     4.135 GigaMultsPerSecond
   1048576,	 512,	     4.114 GigaMultsPerSecond
   1048576,	1024,	     4.130 GigaMultsPerSecond
   2097152,	   8,	     3.113 GigaMultsPerSecond
   2097152,	  32,	     6.141 GigaMultsPerSecond
   2097152,	 128,	     7.556 GigaMultsPerSecond
   2097152,	 256,	     7.443 GigaMultsPerSecond
   2097152,	 512,	     7.300 GigaMultsPerSecond
   2097152,	1024,	     7.319 GigaMultsPerSecond
   4194304,	   8,	     3.764 GigaMultsPerSecond
   4194304,	  32,	     8.689 GigaMultsPerSecond
   4194304,	 128,	    12.233 GigaMultsPerSecond
   4194304,	 256,	     9.051 GigaMultsPerSecond
   4194304,	 512,	    12.022 GigaMultsPerSecond
   4194304,	1024,	    11.929 GigaMultsPerSecond
   8388608,	   8,	     4.115 GigaMultsPerSecond
   8388608,	  32,	    11.365 GigaMultsPerSecond
   8388608,	 128,	     1.287 GigaMultsPerSecond
   8388608,	 256,	     8.888 GigaMultsPerSecond
   8388608,	 512,	    17.439 GigaMultsPerSecond
   8388608,	1024,	    16.797 GigaMultsPerSecond
  16777216,	   8,	     4.390 GigaMultsPerSecond
  16777216,	  32,	    13.688 GigaMultsPerSecond
  16777216,	 128,	    23.993 GigaMultsPerSecond
  16777216,	 256,	     1.028 GigaMultsPerSecond
  16777216,	 512,	    19.583 GigaMultsPerSecond
  16777216,	1024,	    19.632 GigaMultsPerSecond
      1024,	   8,	     0.023 GigaMultsPerSecond
      1024,	  32,	     0.023 GigaMultsPerSecond
      1024,	 128,	     0.026 GigaMultsPerSecond
      1024,	 256,	     0.022 GigaMultsPerSecond
      1024,	 512,	     0.022 GigaMultsPerSecond
      1024,	1024,	     0.023 GigaMultsPerSecond
      4096,	   8,	     0.090 GigaMultsPerSecond
      4096,	  32,	     0.090 GigaMultsPerSecond
      4096,	 128,	     0.088 GigaMultsPerSecond
      4096,	 256,	     0.093 GigaMultsPerSecond
      4096,	 512,	     0.091 GigaMultsPerSecond
      4096,	1024,	     0.092 GigaMultsPerSecond
      8192,	   8,	     0.188 GigaMultsPerSecond
      8192,	  32,	     0.182 GigaMultsPerSecond
      8192,	 128,	     0.183 GigaMultsPerSecond
      8192,	 256,	     0.179 GigaMultsPerSecond
      8192,	 512,	     0.182 GigaMultsPerSecond
      8192,	1024,	     0.159 GigaMultsPerSecond
     32768,	   8,	     0.672 GigaMultsPerSecond
     32768,	  32,	     0.712 GigaMultsPerSecond
     32768,	 128,	     0.731 GigaMultsPerSecond
     32768,	 256,	     0.738 GigaMultsPerSecond
     32768,	 512,	     0.738 GigaMultsPerSecond
     32768,	1024,	     0.755 GigaMultsPerSecond
    131072,	   8,	     1.909 GigaMultsPerSecond
    131072,	  32,	     2.622 GigaMultsPerSecond
    131072,	 128,	     2.956 GigaMultsPerSecond
    131072,	 256,	     2.960 GigaMultsPerSecond
    131072,	 512,	     2.979 GigaMultsPerSecond
    131072,	1024,	     2.898 GigaMultsPerSecond
    524288,	   8,	     1.559 GigaMultsPerSecond
    524288,	  32,	     2.049 GigaMultsPerSecond
    524288,	 128,	     2.148 GigaMultsPerSecond
    524288,	 256,	     2.234 GigaMultsPerSecond
    524288,	 512,	     2.236 GigaMultsPerSecond
    524288,	1024,	     2.226 GigaMultsPerSecond
   1048576,	   8,	     2.333 GigaMultsPerSecond
   1048576,	  32,	     3.695 GigaMultsPerSecond
   1048576,	 128,	     4.336 GigaMultsPerSecond
   1048576,	 256,	     4.386 GigaMultsPerSecond
   1048576,	 512,	     4.228 GigaMultsPerSecond
   1048576,	1024,	     4.281 GigaMultsPerSecond
   2097152,	   8,	     2.771 GigaMultsPerSecond
   2097152,	  32,	     6.222 GigaMultsPerSecond
   2097152,	 128,	     8.178 GigaMultsPerSecond
   2097152,	 256,	     8.170 GigaMultsPerSecond
   2097152,	 512,	     8.063 GigaMultsPerSecond
   2097152,	1024,	     3.690 GigaMultsPerSecond
   4194304,	   8,	     2.439 GigaMultsPerSecond
   4194304,	  32,	     9.097 GigaMultsPerSecond
   4194304,	 128,	    13.889 GigaMultsPerSecond
   4194304,	 256,	     0.434 GigaMultsPerSecond
   4194304,	 512,	     0.862 GigaMultsPerSecond
   4194304,	1024,	    13.660 GigaMultsPerSecond
   8388608,	   8,	     4.096 GigaMultsPerSecond
   8388608,	  32,	    11.683 GigaMultsPerSecond
   8388608,	 128,	    20.791 GigaMultsPerSecond
   8388608,	 256,	    20.090 GigaMultsPerSecond
   8388608,	 512,	    23.725 GigaMultsPerSecond
   8388608,	1024,	    20.398 GigaMultsPerSecond
  16777216,	   8,	     4.424 GigaMultsPerSecond
  16777216,	  32,	    14.664 GigaMultsPerSecond
  16777216,	 128,	    23.671 GigaMultsPerSecond
  16777216,	 256,	    34.229 GigaMultsPerSecond
  16777216,	 512,	    32.334 GigaMultsPerSecond
  16777216,	1024,	     1.287 GigaMultsPerSecond
